********************************************************************************
product = WebSphere Application Server 18.0.0.3 (wlp-1.0.22.cl180320180905-2337)
wlp.install.dir = /opt/ibm/wlp/
server.config.dir = /root/app/mc-target/liberty/wlp/usr/servers/defaultServer/
java.home = /root/java/jre
java.version = 1.8.0_181
java.runtime = Java(TM) SE Runtime Environment (8.0.5.22 - pxa6480sr5fp22-20180919_01(SR5 FP22))
os = Linux (3.10.0-862.6.3.el7.x86_64; amd64) (en_US)
process = 99@mc-icpsample1-afa58ed0-c73f-11e8-b7e2-idc-54dcb889d4-7nj8v
********************************************************************************
[10/3/18 19:36:19:956 UTC] 00000001 com.ibm.ws.kernel.launch.internal.FrameworkManager           A CWWKE0001I: The server defaultServer has been launched.
[10/3/18 19:36:20:028 UTC] 00000001 com.ibm.ws.kernel.launch.internal.FrameworkManager           A CWWKE0100I: This product is licensed for development, and limited production use. The full license terms can be viewed here: https://public.dhe.ibm.com/ibmdl/export/pub/software/websphere/wasdev/license/base_ilan/ilan/18.0.0.3/lafiles/en.html
[10/3/18 19:36:22:605 UTC] 00000001 com.ibm.ws.kernel.launch.internal.FrameworkManager           I CWWKE0002I: The kernel started after 3.4 seconds
[10/3/18 19:36:22:693 UTC] 00000027 com.ibm.ws.kernel.feature.internal.FeatureManager            I CWWKF0007I: Feature update started.
[10/3/18 19:36:31:624 UTC] 0000001c com.ibm.ws.security.ready.internal.SecurityReadyServiceImpl  I CWWKS0007I: The security service is starting...
[10/3/18 19:36:32:946 UTC] 00000028 com.ibm.ws.tcpchannel.internal.TCPChannel                    I CWWKO0219I: TCP Channel defaultHttpEndpoint has been started and is now listening for requests on host *  (IPv4) port 9080.
[10/3/18 19:36:32:989 UTC] 0000001c com.ibm.ws.app.manager.internal.monitor.DropinMonitor        A CWWKZ0058I: Monitoring dropins for applications.
[10/3/18 19:36:33:722 UTC] 0000001c com.ibm.ws.cache.ServerCache                                 I DYNA1001I: WebSphere Dynamic Cache instance named baseCache initialized successfully.
[10/3/18 19:36:33:725 UTC] 0000001c com.ibm.ws.cache.ServerCache                                 I DYNA1071I: The cache provider default is being used.
[10/3/18 19:36:33:725 UTC] 0000001c com.ibm.ws.cache.CacheServiceImpl                            I DYNA1056I: Dynamic Cache (object cache) initialized successfully.
[10/3/18 19:36:33:878 UTC] 00000022 com.ibm.ws.ssl.config.WSKeyStore                             I CWPKI0819I: The default keystore is not created because a password is not configured on the <keyStore id="defaultKeyStore"/> element, and the 'keystore_password' environment variable is not set. 
[10/3/18 19:36:33:905 UTC] 0000002b com.ibm.ws.security.token.ltpa.internal.LTPAKeyInfoManager   I CWWKS4103I: Creating the LTPA keys. This may take a few seconds.
[10/3/18 19:36:34:000 UTC] 0000001c ibm.ws.security.authentication.internal.jaas.JAASServiceImpl I CWWKS1123I: The collective authentication plugin with class name NullCollectiveAuthenticationPlugin has been activated. 
[10/3/18 19:36:35:056 UTC] 0000001c com.ibm.ws.security.jwt.internal.ConsumerImpl                I CWWKS6012I: The JSON Web Token (JWT) consumer service is available.
[10/3/18 19:36:35:069 UTC] 0000001c com.ibm.ws.security.jwt.web.JwtEndpointServices              I CWWKS6002I: The JSON Web Token (JWT) endpoint service is available.
[10/3/18 19:36:35:121 UTC] 0000002b com.ibm.ws.security.token.ltpa.internal.LTPAKeyInfoManager   A CWWKS4104A: LTPA keys created in 1.215 seconds. LTPA key file: /root/app/mc-target/liberty/wlp/usr/servers/defaultServer/resources/security/ltpa.keys
[10/3/18 19:36:35:124 UTC] 0000002b com.ibm.ws.security.token.ltpa.internal.LTPAKeyCreateTask    I CWWKS4105I: LTPA configuration is ready after 1.222 seconds.
[10/3/18 19:36:35:217 UTC] 0000001c com.ibm.ws.security.mp.jwt.impl.MicroProfileJwtConfigImpl    I CWWKS5500I: The MicroProfile JWT configuration [defaultMpJwt] was successfully processed.
[10/3/18 19:36:35:220 UTC] 0000001c com.ibm.ws.security.mp.jwt.impl.MicroProfileJwtServiceImpl   I CWWKS5500I: The MicroProfile JWT configuration [MicroProfileJwtService] was successfully processed.
[10/3/18 19:36:35:302 UTC] 0000001c com.ibm.ws.session.WASSessionCore                            I SESN8501I: The session manager did not find a persistent storage location; HttpSession objects will be stored in the local application server's memory.
[10/3/18 19:36:36:299 UTC] 0000002c com.ibm.ws.app.manager.AppMessageHelper                      I CWWKZ0018I: Starting application javametrics-rest.
[10/3/18 19:36:36:831 UTC] 0000002d com.ibm.ws.webcontainer.osgi.webapp.WebGroup                 I SRVE0169I: Loading Web Module: com.ibm.ws.security.jwt.
[10/3/18 19:36:36:836 UTC] 0000002d com.ibm.ws.webcontainer                                      I SRVE0250I: Web Module com.ibm.ws.security.jwt has been bound to default_host.
[10/3/18 19:36:36:838 UTC] 0000002d com.ibm.ws.http.internal.VirtualHostImpl                     A CWWKT0016I: Web application available (default_host): http://mc-icpsample1-afa58ed0-c73f-11e8-b7e2-idc-54dcb889d4-7nj8v:9080/jwt/
[10/3/18 19:36:36:876 UTC] 00000029 com.ibm.ws.webcontainer.osgi.webapp.WebGroup                 I SRVE0169I: Loading Web Module: ibm/api.
[10/3/18 19:36:36:876 UTC] 00000029 com.ibm.ws.webcontainer                                      I SRVE0250I: Web Module ibm/api has been bound to default_host.
[10/3/18 19:36:36:877 UTC] 00000029 com.ibm.ws.http.internal.VirtualHostImpl                     A CWWKT0016I: Web application available (default_host): http://mc-icpsample1-afa58ed0-c73f-11e8-b7e2-idc-54dcb889d4-7nj8v:9080/ibm/api/
[10/3/18 19:36:36:885 UTC] 0000002d com.ibm.ws.app.manager.AppMessageHelper                      I CWWKZ0018I: Starting application javametrics-dash.
[10/3/18 19:36:36:913 UTC] 00000028 com.ibm.ws.webcontainer.osgi.webapp.WebGroup                 I SRVE0169I: Loading Web Module: PrivateMicroProfileMetrics.
[10/3/18 19:36:36:913 UTC] 00000028 com.ibm.ws.webcontainer                                      I SRVE0250I: Web Module PrivateMicroProfileMetrics has been bound to default_host.
[10/3/18 19:36:36:913 UTC] 00000028 com.ibm.ws.http.internal.VirtualHostImpl                     A CWWKT0016I: Web application available (default_host): http://mc-icpsample1-afa58ed0-c73f-11e8-b7e2-idc-54dcb889d4-7nj8v:9080/metrics/
[10/3/18 19:36:36:914 UTC] 0000002b com.ibm.ws.webcontainer.osgi.webapp.WebGroup                 I SRVE0169I: Loading Web Module: health.
[10/3/18 19:36:36:914 UTC] 0000002b com.ibm.ws.webcontainer                                      I SRVE0250I: Web Module health has been bound to default_host.
[10/3/18 19:36:36:915 UTC] 0000002b com.ibm.ws.http.internal.VirtualHostImpl                     A CWWKT0016I: Web application available (default_host): http://mc-icpsample1-afa58ed0-c73f-11e8-b7e2-idc-54dcb889d4-7nj8v:9080/health/
[10/3/18 19:36:36:927 UTC] 00000029 com.ibm.ws.app.manager.AppMessageHelper                      I CWWKZ0018I: Starting application icpsample1.
[10/3/18 19:36:37:115 UTC] 00000028 com.ibm.ws.session.WASSessionCore                            I SESN0176I: A new session context will be created for application key default_host/ibm/api
[10/3/18 19:36:37:132 UTC] 0000002b com.ibm.ws.session.WASSessionCore                            I SESN0176I: A new session context will be created for application key default_host/jwt
[10/3/18 19:36:37:176 UTC] 00000028 com.ibm.ws.util                                              I SESN0172I: The session manager is using the Java default SecureRandom implementation for session ID generation.
[10/3/18 19:36:37:243 UTC] 0000002b com.ibm.ws.util                                              I SESN0172I: The session manager is using the Java default SecureRandom implementation for session ID generation.
[10/3/18 19:36:37:323 UTC] 00000028 com.ibm.ws.cache.CacheServiceImpl                            I DYNA1056I: Dynamic Cache (object cache) initialized successfully.
[10/3/18 19:36:37:758 UTC] 00000028 com.ibm.ws.session.WASSessionCore                            I SESN0176I: A new session context will be created for application key default_host/metrics
[10/3/18 19:36:37:759 UTC] 00000028 com.ibm.ws.util                                              I SESN0172I: The session manager is using the Java default SecureRandom implementation for session ID generation.
[10/3/18 19:36:37:801 UTC] 0000002b com.ibm.ws.session.WASSessionCore                            I SESN0176I: A new session context will be created for application key default_host/health
[10/3/18 19:36:37:802 UTC] 0000002b com.ibm.ws.util                                              I SESN0172I: The session manager is using the Java default SecureRandom implementation for session ID generation.
[10/3/18 19:36:37:851 UTC] 00000028 com.ibm.ws.webcontainer.servlet                              I SRVE0242I: [com.ibm.ws.microprofile.metrics.private] [/metrics] [PrivateMetricsRESTProxyServlet]: Initialization successful.
[10/3/18 19:36:38:056 UTC] 0000002c org.jboss.weld.Version                                       I WELD-000900: 2.4.7 (Final)
[10/3/18 19:36:38:371 UTC] 0000002c com.ibm.ws.webcontainer.osgi.webapp.WebGroup                 I SRVE0169I: Loading Web Module: javametrics-api.
[10/3/18 19:36:38:371 UTC] 0000002c com.ibm.ws.webcontainer                                      I SRVE0250I: Web Module javametrics-api has been bound to default_host.
[10/3/18 19:36:38:372 UTC] 0000002c com.ibm.ws.http.internal.VirtualHostImpl                     A CWWKT0016I: Web application available (default_host): http://mc-icpsample1-afa58ed0-c73f-11e8-b7e2-idc-54dcb889d4-7nj8v:9080/javametrics/
[10/3/18 19:36:38:373 UTC] 0000002c com.ibm.ws.app.manager.AppMessageHelper                      A CWWKZ0001I: Application javametrics-rest started in 2.075 seconds.
[10/3/18 19:36:38:394 UTC] 0000002b com.ibm.ws.session.WASSessionCore                            I SESN0176I: A new session context will be created for application key default_host/javametrics
[10/3/18 19:36:38:395 UTC] 0000002b com.ibm.ws.util                                              I SESN0172I: The session manager is using the Java default SecureRandom implementation for session ID generation.
[10/3/18 19:36:38:964 UTC] 00000028 com.ibm.ws.webcontainer.osgi.mbeans.PluginGenerator          I SRVE9103I: A configuration file for a web server plugin was automatically generated for this server at /root/app/mc-target/liberty/wlp/usr/servers/defaultServer/logs/state/plugin-cfg.xml.
[10/3/18 19:36:39:232 UTC] 0000002d com.ibm.ws.webcontainer.osgi.webapp.WebGroup                 I SRVE0169I: Loading Web Module: javametrics.web.
[10/3/18 19:36:39:233 UTC] 0000002d com.ibm.ws.webcontainer                                      I SRVE0250I: Web Module javametrics.web has been bound to default_host.
[10/3/18 19:36:39:233 UTC] 0000002d com.ibm.ws.http.internal.VirtualHostImpl                     A CWWKT0016I: Web application available (default_host): http://mc-icpsample1-afa58ed0-c73f-11e8-b7e2-idc-54dcb889d4-7nj8v:9080/javametrics-dash/
[10/3/18 19:36:39:258 UTC] 0000002d com.ibm.ws.app.manager.AppMessageHelper                      A CWWKZ0001I: Application javametrics-dash started in 2.373 seconds.
[10/3/18 19:36:39:344 UTC] 00000028 com.ibm.ws.webcontainer.osgi.mbeans.PluginGenerator          I SRVE9103I: A configuration file for a web server plugin was automatically generated for this server at /root/app/mc-target/liberty/wlp/usr/servers/defaultServer/logs/state/plugin-cfg.xml.
[10/3/18 19:36:39:459 UTC] 0000002c com.ibm.ws.session.WASSessionCore                            I SESN0176I: A new session context will be created for application key default_host/javametrics-dash
[10/3/18 19:36:39:460 UTC] 0000002c com.ibm.ws.util                                              I SESN0172I: The session manager is using the Java default SecureRandom implementation for session ID generation.
[10/3/18 19:36:39:531 UTC] 0000002c com.ibm.ws.wsoc.EndpointManager                              I CWWKH0046I: Adding a WebSocket ServerEndpoint with the following URI: /javametrics-socket
[10/3/18 19:36:40:238 UTC] 00000029 com.ibm.ws.webcontainer.osgi.webapp.WebGroup                 I SRVE0169I: Loading Web Module: icpsample1-1.0-SNAPSHOT.
[10/3/18 19:36:40:238 UTC] 00000029 com.ibm.ws.webcontainer                                      I SRVE0250I: Web Module icpsample1-1.0-SNAPSHOT has been bound to default_host.
[10/3/18 19:36:40:238 UTC] 00000029 com.ibm.ws.http.internal.VirtualHostImpl                     A CWWKT0016I: Web application available (default_host): http://mc-icpsample1-afa58ed0-c73f-11e8-b7e2-idc-54dcb889d4-7nj8v:9080/icpsample1/
[10/3/18 19:36:40:239 UTC] 00000029 com.ibm.ws.app.manager.AppMessageHelper                      A CWWKZ0001I: Application icpsample1 started in 3.312 seconds.
[10/3/18 19:36:40:274 UTC] 0000002c com.ibm.ws.session.WASSessionCore                            I SESN0176I: A new session context will be created for application key default_host/icpsample1
[10/3/18 19:36:40:275 UTC] 0000002c com.ibm.ws.util                                              I SESN0172I: The session manager is using the Java default SecureRandom implementation for session ID generation.
[10/3/18 19:36:40:296 UTC] 00000028 com.ibm.ws.webcontainer.osgi.mbeans.PluginGenerator          I SRVE9103I: A configuration file for a web server plugin was automatically generated for this server at /root/app/mc-target/liberty/wlp/usr/servers/defaultServer/logs/state/plugin-cfg.xml.
[10/3/18 19:36:40:337 UTC] 00000027 com.ibm.ws.kernel.feature.internal.FeatureManager            A CWWKF0012I: The server installed the following features: [microProfile-1.2, jsp-2.3, managedBeans-1.0, mpFaultTolerance-1.0, servlet-3.1, ssl-1.0, jndi-1.0, mpHealth-1.0, appSecurity-2.0, jsonp-1.0, mpConfig-1.1, jaxrs-2.0, el-3.0, jaxrsClient-2.0, concurrent-1.0, jwt-1.0, mpMetrics-1.0, mpJwt-1.0, json-1.0, cdi-1.2, distributedMap-1.0, websocket-1.1].
[10/3/18 19:36:40:338 UTC] 00000027 com.ibm.ws.kernel.feature.internal.FeatureManager            I CWWKF0008I: Feature update completed in 17.733 seconds.
[10/3/18 19:36:40:338 UTC] 00000027 com.ibm.ws.kernel.feature.internal.FeatureManager            A CWWKF0011I: The server defaultServer is ready to run a smarter planet.
[10/3/18 19:36:41:787 UTC] 00000029 .ibm.ws.jaxrs.2.0.common:1.0.22.cl180320180905-2337(id=193)] I Setting the server's publish address to be /
[10/3/18 19:36:42:052 UTC] 00000029 com.ibm.ws.webcontainer.servlet                              I SRVE0242I: [icpsample1] [/icpsample1] [application.rest.JaxrsApplication]: Initialization successful.
[10/3/18 19:36:42:090 UTC] 00000029 .ibm.ws.jaxrs.2.0.common:1.0.22.cl180320180905-2337(id=193)] W Both application.rest.RootEndpoint#getIndex and application.rest.RootEndpoint#listResources are equal candidates for handling the current request which can lead to unpredictable results
[10/3/18 19:37:11:624 UTC] 00000045 .ibm.ws.jaxrs.2.0.common:1.0.22.cl180320180905-2337(id=193)] W Both application.rest.RootEndpoint#getIndex and application.rest.RootEndpoint#listResources are equal candidates for handling the current request which can lead to unpredictable results
[10/3/18 19:37:33:878 UTC] 00000050 com.ibm.ws.ssl.internal.SSLConfigValidator                   A CWPKI0817A: The default SSL configuration expects a <keyStore> element with an id value of defaultKeyStore, and a password. The defaultKeyStore <keyStore> element is missing, or the password is not specified. If SSL is not required, this message can be ignored. If SSL is required, either define the missing element: <keyStore id="defaultKeyStore" password="yourpassword" />, or change the default SSL configuration to use an existing keystore. See the following example: <ssl id="defaultSSLConfig" keyStoreRef="newKeyStore" />.
[10/3/18 19:38:21:628 UTC] 00000066 .ibm.ws.jaxrs.2.0.common:1.0.22.cl180320180905-2337(id=193)] W Both application.rest.RootEndpoint#getIndex and application.rest.RootEndpoint#listResources are equal candidates for handling the current request which can lead to unpredictable results
[10/3/18 19:39:11:629 UTC] 00000072 .ibm.ws.jaxrs.2.0.common:1.0.22.cl180320180905-2337(id=193)] W Both application.rest.RootEndpoint#getIndex and application.rest.RootEndpoint#listResources are equal candidates for handling the current request which can lead to unpredictable results
[10/3/18 19:39:51:631 UTC] 00000085 .ibm.ws.jaxrs.2.0.common:1.0.22.cl180320180905-2337(id=193)] W Both application.rest.RootEndpoint#getIndex and application.rest.RootEndpoint#listResources are equal candidates for handling the current request which can lead to unpredictable results
[10/3/18 19:41:01:641 UTC] 000000a6 .ibm.ws.jaxrs.2.0.common:1.0.22.cl180320180905-2337(id=193)] W Both application.rest.RootEndpoint#getIndex and application.rest.RootEndpoint#listResources are equal candidates for handling the current request which can lead to unpredictable results
[10/3/18 19:42:31:639 UTC] 000000c2 .ibm.ws.jaxrs.2.0.common:1.0.22.cl180320180905-2337(id=193)] W Both application.rest.RootEndpoint#getIndex and application.rest.RootEndpoint#listResources are equal candidates for handling the current request which can lead to unpredictable results
[10/3/18 19:43:51:644 UTC] 000000ea .ibm.ws.jaxrs.2.0.common:1.0.22.cl180320180905-2337(id=193)] W Both application.rest.RootEndpoint#getIndex and application.rest.RootEndpoint#listResources are equal candidates for handling the current request which can lead to unpredictable results
[10/3/18 19:45:21:649 UTC] 00000109 .ibm.ws.jaxrs.2.0.common:1.0.22.cl180320180905-2337(id=193)] W Both application.rest.RootEndpoint#getIndex and application.rest.RootEndpoint#listResources are equal candidates for handling the current request which can lead to unpredictable results
[10/3/18 19:46:51:648 UTC] 00000137 .ibm.ws.jaxrs.2.0.common:1.0.22.cl180320180905-2337(id=193)] W Both application.rest.RootEndpoint#getIndex and application.rest.RootEndpoint#listResources are equal candidates for handling the current request which can lead to unpredictable results
[10/3/18 19:48:21:662 UTC] 00000159 .ibm.ws.jaxrs.2.0.common:1.0.22.cl180320180905-2337(id=193)] W Both application.rest.RootEndpoint#getIndex and application.rest.RootEndpoint#listResources are equal candidates for handling the current request which can lead to unpredictable results
[10/3/18 19:49:51:672 UTC] 0000017c .ibm.ws.jaxrs.2.0.common:1.0.22.cl180320180905-2337(id=193)] W Both application.rest.RootEndpoint#getIndex and application.rest.RootEndpoint#listResources are equal candidates for handling the current request which can lead to unpredictable results
[10/3/18 19:51:21:681 UTC] 0000019e .ibm.ws.jaxrs.2.0.common:1.0.22.cl180320180905-2337(id=193)] W Both application.rest.RootEndpoint#getIndex and application.rest.RootEndpoint#listResources are equal candidates for handling the current request which can lead to unpredictable results
[10/3/18 19:52:41:693 UTC] 000001c3 .ibm.ws.jaxrs.2.0.common:1.0.22.cl180320180905-2337(id=193)] W Both application.rest.RootEndpoint#getIndex and application.rest.RootEndpoint#listResources are equal candidates for handling the current request which can lead to unpredictable results
[10/3/18 19:54:11:708 UTC] 000001de .ibm.ws.jaxrs.2.0.common:1.0.22.cl180320180905-2337(id=193)] W Both application.rest.RootEndpoint#getIndex and application.rest.RootEndpoint#listResources are equal candidates for handling the current request which can lead to unpredictable results
[10/3/18 19:55:41:717 UTC] 000001ff .ibm.ws.jaxrs.2.0.common:1.0.22.cl180320180905-2337(id=193)] W Both application.rest.RootEndpoint#getIndex and application.rest.RootEndpoint#listResources are equal candidates for handling the current request which can lead to unpredictable results
[10/3/18 19:57:11:723 UTC] 00000238 .ibm.ws.jaxrs.2.0.common:1.0.22.cl180320180905-2337(id=193)] W Both application.rest.RootEndpoint#getIndex and application.rest.RootEndpoint#listResources are equal candidates for handling the current request which can lead to unpredictable results
[10/3/18 19:58:41:733 UTC] 00000260 .ibm.ws.jaxrs.2.0.common:1.0.22.cl180320180905-2337(id=193)] W Both application.rest.RootEndpoint#getIndex and application.rest.RootEndpoint#listResources are equal candidates for handling the current request which can lead to unpredictable results
[10/3/18 20:00:11:741 UTC] 00000285 .ibm.ws.jaxrs.2.0.common:1.0.22.cl180320180905-2337(id=193)] W Both application.rest.RootEndpoint#getIndex and application.rest.RootEndpoint#listResources are equal candidates for handling the current request which can lead to unpredictable results
[10/3/18 20:01:31:747 UTC] 0000029e .ibm.ws.jaxrs.2.0.common:1.0.22.cl180320180905-2337(id=193)] W Both application.rest.RootEndpoint#getIndex and application.rest.RootEndpoint#listResources are equal candidates for handling the current request which can lead to unpredictable results
[10/3/18 20:03:01:759 UTC] 000002cf .ibm.ws.jaxrs.2.0.common:1.0.22.cl180320180905-2337(id=193)] W Both application.rest.RootEndpoint#getIndex and application.rest.RootEndpoint#listResources are equal candidates for handling the current request which can lead to unpredictable results
[10/3/18 20:04:31:768 UTC] 000002f2 .ibm.ws.jaxrs.2.0.common:1.0.22.cl180320180905-2337(id=193)] W Both application.rest.RootEndpoint#getIndex and application.rest.RootEndpoint#listResources are equal candidates for handling the current request which can lead to unpredictable results
[10/3/18 20:06:01:784 UTC] 00000321 .ibm.ws.jaxrs.2.0.common:1.0.22.cl180320180905-2337(id=193)] W Both application.rest.RootEndpoint#getIndex and application.rest.RootEndpoint#listResources are equal candidates for handling the current request which can lead to unpredictable results
[10/3/18 20:07:21:787 UTC] 00000342 .ibm.ws.jaxrs.2.0.common:1.0.22.cl180320180905-2337(id=193)] W Both application.rest.RootEndpoint#getIndex and application.rest.RootEndpoint#listResources are equal candidates for handling the current request which can lead to unpredictable results
